0 info it worked if it ends with ok
1 verbose cli [ '/usr/local/bin/node', '/usr/local/bin/npm', 'install' ]
2 info using npm@2.15.8
3 info using node@v4.4.7
4 verbose readDependencies loading dependencies from /Users/soichit/Documents/feedback-test/package.json
5 verbose install where, deps [ '/Users/soichit/Documents/feedback-test',
5 verbose install   [ '@angular/common',
5 verbose install     '@angular/compiler',
5 verbose install     '@angular/core',
5 verbose install     '@angular/forms',
5 verbose install     '@angular/http',
5 verbose install     '@angular/platform-browser',
5 verbose install     '@angular/platform-browser-dynamic',
5 verbose install     '@angular/router',
5 verbose install     'angularfire2',
5 verbose install     'es6-shim',
5 verbose install     'firebase',
5 verbose install     'reflect-metadata',
5 verbose install     'rxjs',
5 verbose install     'systemjs',
5 verbose install     'zone.js',
5 verbose install     'angular-cli',
5 verbose install     'codelyzer',
5 verbose install     'ember-cli-inject-live-reload',
5 verbose install     'jasmine-core',
5 verbose install     'jasmine-spec-reporter',
5 verbose install     'karma',
5 verbose install     'karma-chrome-launcher',
5 verbose install     'karma-jasmine',
5 verbose install     'protractor',
5 verbose install     'ts-node',
5 verbose install     'tslint',
5 verbose install     'typescript',
5 verbose install     'typings' ] ]
6 verbose install where, peers [ '/Users/soichit/Documents/feedback-test', [] ]
7 verbose installManyTop reading for lifecycle /Users/soichit/Documents/feedback-test/package.json
8 info preinstall shop-list@0.0.0
9 verbose installManyTop reading scoped package data from /Users/soichit/Documents/feedback-test/node_modules/angular-cli/package.json
10 verbose installManyTop reading scoped package data from /Users/soichit/Documents/feedback-test/node_modules/angularfire2/package.json
11 verbose installManyTop reading scoped package data from /Users/soichit/Documents/feedback-test/node_modules/codelyzer/package.json
12 verbose installManyTop reading scoped package data from /Users/soichit/Documents/feedback-test/node_modules/ember-cli-inject-live-reload/package.json
13 verbose installManyTop reading scoped package data from /Users/soichit/Documents/feedback-test/node_modules/es6-shim/package.json
14 verbose installManyTop reading scoped package data from /Users/soichit/Documents/feedback-test/node_modules/firebase/package.json
15 verbose installManyTop reading scoped package data from /Users/soichit/Documents/feedback-test/node_modules/jasmine-core/package.json
16 verbose installManyTop reading scoped package data from /Users/soichit/Documents/feedback-test/node_modules/jasmine-spec-reporter/package.json
17 verbose installManyTop reading scoped package data from /Users/soichit/Documents/feedback-test/node_modules/karma/package.json
18 verbose installManyTop reading scoped package data from /Users/soichit/Documents/feedback-test/node_modules/karma-chrome-launcher/package.json
19 verbose installManyTop reading scoped package data from /Users/soichit/Documents/feedback-test/node_modules/karma-jasmine/package.json
20 verbose installManyTop reading scoped package data from /Users/soichit/Documents/feedback-test/node_modules/protractor/package.json
21 verbose installManyTop reading scoped package data from /Users/soichit/Documents/feedback-test/node_modules/reflect-metadata/package.json
22 verbose installManyTop reading scoped package data from /Users/soichit/Documents/feedback-test/node_modules/rxjs/package.json
23 verbose installManyTop reading scoped package data from /Users/soichit/Documents/feedback-test/node_modules/systemjs/package.json
24 verbose installManyTop reading scoped package data from /Users/soichit/Documents/feedback-test/node_modules/ts-node/package.json
25 verbose installManyTop reading scoped package data from /Users/soichit/Documents/feedback-test/node_modules/tslint/package.json
26 verbose installManyTop reading scoped package data from /Users/soichit/Documents/feedback-test/node_modules/typescript/package.json
27 verbose installManyTop reading scoped package data from /Users/soichit/Documents/feedback-test/node_modules/typings/package.json
28 verbose installManyTop reading scoped package data from /Users/soichit/Documents/feedback-test/node_modules/zone.js/package.json
29 verbose installManyTop reading scoped package data from /Users/soichit/Documents/feedback-test/node_modules/@angular/common/package.json
30 verbose installManyTop reading scoped package data from /Users/soichit/Documents/feedback-test/node_modules/@angular/compiler/package.json
31 verbose installManyTop reading scoped package data from /Users/soichit/Documents/feedback-test/node_modules/@angular/core/package.json
32 verbose installManyTop reading scoped package data from /Users/soichit/Documents/feedback-test/node_modules/@angular/forms/package.json
33 verbose installManyTop reading scoped package data from /Users/soichit/Documents/feedback-test/node_modules/@angular/http/package.json
34 verbose installManyTop reading scoped package data from /Users/soichit/Documents/feedback-test/node_modules/@angular/platform-browser/package.json
35 verbose installManyTop reading scoped package data from /Users/soichit/Documents/feedback-test/node_modules/@angular/platform-browser-dynamic/package.json
36 verbose installManyTop reading scoped package data from /Users/soichit/Documents/feedback-test/node_modules/@angular/router/package.json
37 verbose installManyTop reading scoped package data from /Users/soichit/Documents/feedback-test/node_modules/@angular2-material/button/package.json
38 verbose installManyTop reading scoped package data from /Users/soichit/Documents/feedback-test/node_modules/@angular2-material/card/package.json
39 verbose installManyTop reading scoped package data from /Users/soichit/Documents/feedback-test/node_modules/@angular2-material/core/package.json
40 verbose installManyTop reading scoped package data from /Users/soichit/Documents/feedback-test/node_modules/@angular2-material/input/package.json
41 verbose installManyTop reading scoped package data from /Users/soichit/Documents/feedback-test/node_modules/@angular2-material/radio/package.json
42 info package.json firebase@3.2.0 No license field.
43 info package.json @angular/common@2.0.0-rc.3 No description
44 info package.json @angular/common@2.0.0-rc.3 No README data
45 info package.json @angular/compiler@2.0.0-rc.3 No description
46 info package.json @angular/compiler@2.0.0-rc.3 No README data
47 info package.json @angular/core@2.0.0-rc.3 No description
48 info package.json @angular/core@2.0.0-rc.3 No README data
49 info package.json @angular/forms@0.2.0 No description
50 info package.json @angular/http@2.0.0-rc.3 No description
51 info package.json @angular/http@2.0.0-rc.3 No README data
52 info package.json @angular/platform-browser@2.0.0-rc.3 No description
53 info package.json @angular/platform-browser@2.0.0-rc.3 No README data
54 info package.json @angular/platform-browser-dynamic@2.0.0-rc.3 No description
55 info package.json @angular/platform-browser-dynamic@2.0.0-rc.3 No README data
56 info package.json @angular/router@3.0.0-alpha.8 No description
57 info package.json @angular/router@3.0.0-alpha.8 No README data
58 verbose readDependencies loading dependencies from /Users/soichit/Documents/feedback-test/package.json
59 verbose targetResolver reading package data from /Users/soichit/Documents/feedback-test/node_modules/angular-cli/package.json
60 verbose targetResolver reading package data from /Users/soichit/Documents/feedback-test/node_modules/angularfire2/package.json
61 verbose targetResolver reading package data from /Users/soichit/Documents/feedback-test/node_modules/codelyzer/package.json
62 verbose targetResolver reading package data from /Users/soichit/Documents/feedback-test/node_modules/ember-cli-inject-live-reload/package.json
63 verbose targetResolver reading package data from /Users/soichit/Documents/feedback-test/node_modules/es6-shim/package.json
64 verbose targetResolver reading package data from /Users/soichit/Documents/feedback-test/node_modules/firebase/package.json
65 verbose targetResolver reading package data from /Users/soichit/Documents/feedback-test/node_modules/jasmine-core/package.json
66 verbose targetResolver reading package data from /Users/soichit/Documents/feedback-test/node_modules/jasmine-spec-reporter/package.json
67 verbose targetResolver reading package data from /Users/soichit/Documents/feedback-test/node_modules/karma/package.json
68 verbose targetResolver reading package data from /Users/soichit/Documents/feedback-test/node_modules/karma-chrome-launcher/package.json
69 verbose targetResolver reading package data from /Users/soichit/Documents/feedback-test/node_modules/karma-jasmine/package.json
70 verbose targetResolver reading package data from /Users/soichit/Documents/feedback-test/node_modules/protractor/package.json
71 verbose targetResolver reading package data from /Users/soichit/Documents/feedback-test/node_modules/reflect-metadata/package.json
72 verbose targetResolver reading package data from /Users/soichit/Documents/feedback-test/node_modules/rxjs/package.json
73 verbose targetResolver reading package data from /Users/soichit/Documents/feedback-test/node_modules/systemjs/package.json
74 verbose targetResolver reading package data from /Users/soichit/Documents/feedback-test/node_modules/ts-node/package.json
75 verbose targetResolver reading package data from /Users/soichit/Documents/feedback-test/node_modules/tslint/package.json
76 verbose targetResolver reading package data from /Users/soichit/Documents/feedback-test/node_modules/typescript/package.json
77 verbose targetResolver reading package data from /Users/soichit/Documents/feedback-test/node_modules/typings/package.json
78 verbose targetResolver reading package data from /Users/soichit/Documents/feedback-test/node_modules/zone.js/package.json
79 verbose targetResolver reading package data from /Users/soichit/Documents/feedback-test/node_modules/.bin/karma/package.json
80 verbose targetResolver reading package data from /Users/soichit/Documents/feedback-test/node_modules/.bin/ng/package.json
81 verbose targetResolver reading package data from /Users/soichit/Documents/feedback-test/node_modules/.bin/protractor/package.json
82 verbose targetResolver reading package data from /Users/soichit/Documents/feedback-test/node_modules/.bin/ts-node/package.json
83 verbose targetResolver reading package data from /Users/soichit/Documents/feedback-test/node_modules/.bin/tsc/package.json
84 verbose targetResolver reading package data from /Users/soichit/Documents/feedback-test/node_modules/.bin/tslint/package.json
85 verbose targetResolver reading package data from /Users/soichit/Documents/feedback-test/node_modules/.bin/tsserver/package.json
86 verbose targetResolver reading package data from /Users/soichit/Documents/feedback-test/node_modules/.bin/typings/package.json
87 verbose targetResolver reading package data from /Users/soichit/Documents/feedback-test/node_modules/.bin/webdriver-manager/package.json
88 verbose targetResolver reading package data from /Users/soichit/Documents/feedback-test/node_modules/@angular/common/package.json
89 verbose targetResolver reading package data from /Users/soichit/Documents/feedback-test/node_modules/@angular/compiler/package.json
90 verbose targetResolver reading package data from /Users/soichit/Documents/feedback-test/node_modules/@angular/core/package.json
91 verbose targetResolver reading package data from /Users/soichit/Documents/feedback-test/node_modules/@angular/forms/package.json
92 verbose targetResolver reading package data from /Users/soichit/Documents/feedback-test/node_modules/@angular/http/package.json
93 verbose targetResolver reading package data from /Users/soichit/Documents/feedback-test/node_modules/@angular/platform-browser/package.json
94 verbose targetResolver reading package data from /Users/soichit/Documents/feedback-test/node_modules/@angular/platform-browser-dynamic/package.json
95 verbose targetResolver reading package data from /Users/soichit/Documents/feedback-test/node_modules/@angular/router/package.json
96 verbose targetResolver reading package data from /Users/soichit/Documents/feedback-test/node_modules/@angular2-material/button/package.json
97 verbose targetResolver reading package data from /Users/soichit/Documents/feedback-test/node_modules/@angular2-material/card/package.json
98 verbose targetResolver reading package data from /Users/soichit/Documents/feedback-test/node_modules/@angular2-material/core/package.json
99 verbose targetResolver reading package data from /Users/soichit/Documents/feedback-test/node_modules/@angular2-material/input/package.json
100 verbose targetResolver reading package data from /Users/soichit/Documents/feedback-test/node_modules/@angular2-material/radio/package.json
101 verbose already installed skipping rxjs@5.0.0-beta.6 /Users/soichit/Documents/feedback-test
102 verbose already installed skipping systemjs@0.19.26 /Users/soichit/Documents/feedback-test
103 verbose already installed skipping zone.js@0.6.12 /Users/soichit/Documents/feedback-test
104 verbose already installed skipping angular-cli@1.0.0-beta.9 /Users/soichit/Documents/feedback-test
105 verbose already installed skipping codelyzer@0.0.20 /Users/soichit/Documents/feedback-test
106 verbose already installed skipping ember-cli-inject-live-reload@1.4.0 /Users/soichit/Documents/feedback-test
107 verbose already installed skipping jasmine-core@2.4.1 /Users/soichit/Documents/feedback-test
108 verbose already installed skipping jasmine-spec-reporter@2.5.0 /Users/soichit/Documents/feedback-test
109 verbose already installed skipping karma@0.13.22 /Users/soichit/Documents/feedback-test
110 verbose already installed skipping karma-chrome-launcher@0.2.3 /Users/soichit/Documents/feedback-test
111 verbose already installed skipping karma-jasmine@0.3.8 /Users/soichit/Documents/feedback-test
112 verbose already installed skipping protractor@3.3.0 /Users/soichit/Documents/feedback-test
113 verbose already installed skipping ts-node@0.5.5 /Users/soichit/Documents/feedback-test
114 verbose already installed skipping tslint@3.11.0 /Users/soichit/Documents/feedback-test
115 verbose already installed skipping typescript@1.8.10 /Users/soichit/Documents/feedback-test
116 verbose already installed skipping typings@0.8.1 /Users/soichit/Documents/feedback-test
117 verbose already installed skipping @angular/common@2.0.0-rc.3 /Users/soichit/Documents/feedback-test
118 verbose already installed skipping @angular/compiler@2.0.0-rc.3 /Users/soichit/Documents/feedback-test
119 verbose already installed skipping @angular/core@2.0.0-rc.3 /Users/soichit/Documents/feedback-test
120 verbose already installed skipping @angular/forms@0.2.0 /Users/soichit/Documents/feedback-test
121 verbose already installed skipping @angular/http@2.0.0-rc.3 /Users/soichit/Documents/feedback-test
122 verbose already installed skipping @angular/platform-browser@2.0.0-rc.3 /Users/soichit/Documents/feedback-test
123 verbose already installed skipping @angular/platform-browser-dynamic@2.0.0-rc.3 /Users/soichit/Documents/feedback-test
124 verbose already installed skipping @angular/router@3.0.0-alpha.8 /Users/soichit/Documents/feedback-test
125 verbose already installed skipping angularfire2@^2.0.0-beta.2 /Users/soichit/Documents/feedback-test
126 verbose already installed skipping es6-shim@0.35.1 /Users/soichit/Documents/feedback-test
127 verbose already installed skipping firebase@^3.2.0 /Users/soichit/Documents/feedback-test
128 verbose already installed skipping reflect-metadata@0.1.3 /Users/soichit/Documents/feedback-test
129 silly install resolved []
130 info build /Users/soichit/Documents/feedback-test
131 info linkStuff shop-list@0.0.0
132 silly linkStuff shop-list@0.0.0 has /Users/soichit/Documents as its parent node_modules
133 verbose linkBins shop-list@0.0.0
134 verbose linkMans shop-list@0.0.0
135 verbose rebuildBundles shop-list@0.0.0
136 verbose rebuildBundles [ '.bin',
136 verbose rebuildBundles   '@angular',
136 verbose rebuildBundles   '@angular2-material',
136 verbose rebuildBundles   'angular-cli',
136 verbose rebuildBundles   'angularfire2',
136 verbose rebuildBundles   'codelyzer',
136 verbose rebuildBundles   'ember-cli-inject-live-reload',
136 verbose rebuildBundles   'es6-shim',
136 verbose rebuildBundles   'firebase',
136 verbose rebuildBundles   'jasmine-core',
136 verbose rebuildBundles   'jasmine-spec-reporter',
136 verbose rebuildBundles   'karma',
136 verbose rebuildBundles   'karma-chrome-launcher',
136 verbose rebuildBundles   'karma-jasmine',
136 verbose rebuildBundles   'protractor',
136 verbose rebuildBundles   'reflect-metadata',
136 verbose rebuildBundles   'rxjs',
136 verbose rebuildBundles   'systemjs',
136 verbose rebuildBundles   'ts-node',
136 verbose rebuildBundles   'tslint',
136 verbose rebuildBundles   'typescript',
136 verbose rebuildBundles   'typings',
136 verbose rebuildBundles   'zone.js' ]
137 info install shop-list@0.0.0
138 info postinstall shop-list@0.0.0
139 verbose unsafe-perm in lifecycle true
140 info prepublish shop-list@0.0.0
141 verbose validateInstall loading /Users/soichit/Documents/feedback-test/package.json for validation
142 verbose stack Error: The package @angular/common@2.0.0-rc.3 does not satisfy its siblings' peerDependencies requirements!
142 verbose stack     at /usr/local/lib/node_modules/npm/lib/install.js:125:32
142 verbose stack     at /usr/local/lib/node_modules/npm/lib/install.js:268:7
142 verbose stack     at /usr/local/lib/node_modules/npm/node_modules/read-installed/read-installed.js:142:5
142 verbose stack     at /usr/local/lib/node_modules/npm/node_modules/read-installed/read-installed.js:263:14
142 verbose stack     at cb (/usr/local/lib/node_modules/npm/node_modules/slide/lib/async-map.js:47:24)
142 verbose stack     at /usr/local/lib/node_modules/npm/node_modules/read-installed/read-installed.js:263:14
142 verbose stack     at cb (/usr/local/lib/node_modules/npm/node_modules/slide/lib/async-map.js:47:24)
142 verbose stack     at /usr/local/lib/node_modules/npm/node_modules/read-installed/read-installed.js:263:14
142 verbose stack     at cb (/usr/local/lib/node_modules/npm/node_modules/slide/lib/async-map.js:47:24)
142 verbose stack     at /usr/local/lib/node_modules/npm/node_modules/read-installed/read-installed.js:263:14
143 verbose cwd /Users/soichit/Documents/feedback-test
144 error Darwin 15.5.0
145 error argv "/usr/local/bin/node" "/usr/local/bin/npm" "install"
146 error node v4.4.7
147 error npm  v2.15.8
148 error code EPEERINVALID
149 error peerinvalid The package @angular/common@2.0.0-rc.3 does not satisfy its siblings' peerDependencies requirements!
149 error peerinvalid Peer @angular/forms@0.2.0 wants @angular/common@^2.0.0-rc.4
149 error peerinvalid Peer @angular/platform-browser@2.0.0-rc.3 wants @angular/common@2.0.0-rc.3
149 error peerinvalid Peer @angular/platform-browser-dynamic@2.0.0-rc.3 wants @angular/common@2.0.0-rc.3
149 error peerinvalid Peer @angular/router@3.0.0-alpha.8 wants @angular/common@^2.0.0-rc.2
149 error peerinvalid Peer angularfire2@2.0.0-beta.2 wants @angular/common@2.0.0-rc.2
149 error peerinvalid Peer @angular2-material/core@2.0.0-alpha.6 wants @angular/common@^2.0.0-rc.3
150 verbose exit [ 1, true ]
